2022-08-28 13:05:34,437 [main] INFO Driver Posting - ################# Open Chrome Browser #################
2022-08-28 13:05:34,505 [main] INFO Driver Posting - ################# Open URL #################
2022-08-28 13:05:46,249 [main] INFO Driver Posting - ################# Validate the support page directly #################
2022-08-28 13:05:46,252 [main] INFO Driver Posting - ################# Type Driver Model #################
2022-08-28 13:05:47,632 [main] INFO Driver Posting - ################# Click on Search button #################
2022-08-28 13:06:09,679 [main] INFO Driver Posting - ################# Clciked on Model Search Link with refresh #################
2022-08-28 13:06:09,680 [main] INFO Driver Posting - ################# Validate the Model LinkPage #################
2022-08-28 13:06:09,841 [main] INFO Driver Posting - ################# SelectOS #################
2022-08-28 13:06:10,363 [main] INFO Driver Posting - ################# SelectLanguage #################
2022-08-28 13:06:10,578 [main] INFO Driver Posting - ################# SelectTag #################
2022-08-28 13:06:10,933 [main] INFO Driver Posting - ################# Apply Filters #################
2022-08-28 13:06:11,866 [main] INFO Driver Posting - ################# PS_x64bit Driver MoreDetails Link #################
2022-08-28 13:06:14,031 [main] INFO Driver Posting - ################# Get PS_x64 Driver ReleasedDate #################
2022-08-28 13:06:14,286 [main] INFO Driver Posting - ################# Get PS_x64 Driver Version #################
2022-08-28 13:06:14,442 [main] INFO Driver Posting - ################# Get PS_x64 Driver Size #################
2022-08-28 13:06:14,604 [main] INFO Driver Posting - ################# Get PS_x64 Driver Filename #################
2022-08-28 13:06:14,775 [main] INFO Driver Posting - ################# Get PS_x64 Driver Tagname #################
2022-08-28 13:06:14,920 [main] INFO Driver Posting - #################  Click CheckAgreeBtn #################
2022-08-28 13:06:15,146 [main] INFO Driver Posting - ################# Clcik DownloadBtn #################
2022-08-28 13:06:15,625 [main] INFO Driver Posting - ################# Close Browser #################
2022-08-28 13:06:21,550 [main] INFO Driver Posting - ################# Open Chrome Browser #################
2022-08-28 13:06:21,551 [main] INFO Driver Posting - ################# Open URL #################
2022-08-28 13:06:30,391 [main] INFO Driver Posting - ################# Validate the support page directly #################
2022-08-28 13:06:30,393 [main] INFO Driver Posting - ################# Type Driver Model #################
2022-08-28 13:06:31,191 [main] INFO Driver Posting - ################# Click on Search button #################
2022-08-28 13:06:38,602 [main] INFO Driver Posting - ################# Clciked on Model Search Link with refresh #################
2022-08-28 13:06:38,605 [main] INFO Driver Posting - ################# Validate the Model LinkPage #################
2022-08-28 13:06:38,671 [main] INFO Driver Posting - ################# SelectOS #################
2022-08-28 13:06:38,953 [main] INFO Driver Posting - ################# SelectLanguage #################
2022-08-28 13:06:39,177 [main] INFO Driver Posting - ################# SelectTag #################
2022-08-28 13:06:39,433 [main] INFO Driver Posting - ################# Apply Filters #################
2022-08-28 13:06:40,518 [main] INFO Driver Posting - ################# PS_x64bit Driver MoreDetails Link #################
2022-08-28 13:06:42,571 [main] INFO Driver Posting - ################# Get PS_x64 Driver ReleasedDate #################
2022-08-28 13:06:42,693 [main] INFO Driver Posting - ################# Get PS_x64 Driver Version #################
2022-08-28 13:06:42,826 [main] INFO Driver Posting - ################# Get PS_x64 Driver Size #################
2022-08-28 13:06:42,988 [main] INFO Driver Posting - ################# Get PS_x64 Driver Filename #################
2022-08-28 13:06:43,132 [main] INFO Driver Posting - ################# Get PS_x64 Driver Tagname #################
2022-08-28 13:06:43,256 [main] INFO Driver Posting - #################  Click CheckAgreeBtn #################
2022-08-28 13:06:43,393 [main] INFO Driver Posting - ################# Clcik DownloadBtn #################
2022-08-28 13:06:43,655 [main] INFO Driver Posting - ################# Close Browser #################
2022-08-28 13:06:47,280 [main] INFO Driver Posting - ################# Open Chrome Browser #################
2022-08-28 13:06:47,284 [main] INFO Driver Posting - ################# Open URL #################
2022-08-28 13:07:02,423 [main] INFO Driver Posting - ################# Validate the support page directly #################
2022-08-28 13:07:02,424 [main] INFO Driver Posting - ################# Type Driver Model #################
2022-08-28 13:07:02,868 [main] INFO Driver Posting - ################# Click on Search button #################
2022-08-28 13:07:10,736 [main] INFO Driver Posting - ################# Clciked on Model Search Link with refresh #################
2022-08-28 13:07:10,739 [main] INFO Driver Posting - ################# Validate the Model LinkPage #################
2022-08-28 13:07:10,829 [main] INFO Driver Posting - ################# SelectOS #################
2022-08-28 13:07:11,469 [main] INFO Driver Posting - ################# SelectLanguage #################
2022-08-28 13:07:11,585 [main] INFO Driver Posting - ################# SelectTag #################
2022-08-28 13:07:11,689 [main] INFO Driver Posting - ################# Apply Filters #################
2022-08-28 13:07:13,421 [main] INFO Driver Posting - ################# PS_x64bit Driver MoreDetails Link #################
2022-08-28 13:07:19,897 [main] INFO Driver Posting - ################# Get PS_x64 Driver ReleasedDate #################
2022-08-28 13:07:20,003 [main] INFO Driver Posting - ################# Get PS_x64 Driver Version #################
2022-08-28 13:07:20,096 [main] INFO Driver Posting - ################# Get PS_x64 Driver Size #################
2022-08-28 13:07:20,183 [main] INFO Driver Posting - ################# Get PS_x64 Driver Filename #################
2022-08-28 13:07:20,295 [main] INFO Driver Posting - ################# Get PS_x64 Driver Tagname #################
2022-08-28 13:07:20,380 [main] INFO Driver Posting - #################  Click CheckAgreeBtn #################
2022-08-28 13:07:20,535 [main] INFO Driver Posting - ################# Clcik DownloadBtn #################
2022-08-28 13:07:20,789 [main] INFO Driver Posting - ################# Close Browser #################
2022-08-28 13:07:24,483 [main] INFO Driver Posting - ################# Open Chrome Browser #################
2022-08-28 13:07:24,484 [main] INFO Driver Posting - ################# Open URL #################
2022-08-28 13:07:34,684 [main] INFO Driver Posting - ################# Validate the support page directly #################
2022-08-28 13:07:34,686 [main] INFO Driver Posting - ################# Type Driver Model #################
2022-08-28 13:07:35,533 [main] INFO Driver Posting - ################# Click on Search button #################
2022-08-28 13:07:45,322 [main] INFO Driver Posting - ################# Clciked on Model Search Link with refresh #################
2022-08-28 13:07:45,324 [main] INFO Driver Posting - ################# Validate the Model LinkPage #################
2022-08-28 13:07:45,388 [main] INFO Driver Posting - ################# SelectOS #################
2022-08-28 13:07:45,843 [main] INFO Driver Posting - ################# SelectLanguage #################
2022-08-28 13:07:46,017 [main] INFO Driver Posting - ################# SelectTag #################
2022-08-28 13:07:46,204 [main] INFO Driver Posting - ################# Apply Filters #################
2022-08-28 13:07:47,300 [main] INFO Driver Posting - ################# PS_x64bit Driver MoreDetails Link #################
2022-08-28 13:07:49,126 [main] INFO Driver Posting - ################# Get PS_x64 Driver ReleasedDate #################
2022-08-28 13:07:49,213 [main] INFO Driver Posting - ################# Get PS_x64 Driver Version #################
2022-08-28 13:07:49,376 [main] INFO Driver Posting - ################# Get PS_x64 Driver Size #################
2022-08-28 13:07:49,500 [main] INFO Driver Posting - ################# Get PS_x64 Driver Filename #################
2022-08-28 13:07:49,602 [main] INFO Driver Posting - ################# Get PS_x64 Driver Tagname #################
2022-08-28 13:07:49,708 [main] INFO Driver Posting - #################  Click CheckAgreeBtn #################
2022-08-28 13:07:49,952 [main] INFO Driver Posting - ################# Clcik DownloadBtn #################
2022-08-28 13:07:50,293 [main] INFO Driver Posting - ################# Close Browser #################
2022-08-28 13:07:55,812 [main] INFO Driver Posting - ################# Open Chrome Browser #################
2022-08-28 13:07:55,814 [main] INFO Driver Posting - ################# Open URL #################
2022-08-28 13:08:05,610 [main] INFO Driver Posting - ################# Validate the support page directly #################
2022-08-28 13:08:05,611 [main] INFO Driver Posting - ################# Type Driver Model #################
2022-08-28 13:08:06,294 [main] INFO Driver Posting - ################# Click on Search button #################
2022-08-28 13:08:13,630 [main] INFO Driver Posting - ################# Clciked on Model Search Link with refresh #################
2022-08-28 13:08:13,631 [main] INFO Driver Posting - ################# Validate the Model LinkPage #################
2022-08-28 13:08:13,694 [main] INFO Driver Posting - ################# SelectOS #################
2022-08-28 13:08:14,281 [main] INFO Driver Posting - ################# SelectLanguage #################
2022-08-28 13:08:14,491 [main] INFO Driver Posting - ################# SelectTag #################
2022-08-28 13:08:14,718 [main] INFO Driver Posting - ################# Apply Filters #################
2022-08-28 13:08:15,712 [main] INFO Driver Posting - ################# PS_x64bit Driver MoreDetails Link #################
2022-08-28 13:08:18,142 [main] INFO Driver Posting - ################# Get PS_x64 Driver ReleasedDate #################
2022-08-28 13:08:18,408 [main] INFO Driver Posting - ################# Get PS_x64 Driver Version #################
2022-08-28 13:08:18,505 [main] INFO Driver Posting - ################# Get PS_x64 Driver Size #################
2022-08-28 13:08:18,588 [main] INFO Driver Posting - ################# Get PS_x64 Driver Filename #################
2022-08-28 13:08:18,686 [main] INFO Driver Posting - ################# Get PS_x64 Driver Tagname #################
2022-08-28 13:08:18,821 [main] INFO Driver Posting - #################  Click CheckAgreeBtn #################
2022-08-28 13:08:19,057 [main] INFO Driver Posting - ################# Clcik DownloadBtn #################
2022-08-28 13:08:19,369 [main] INFO Driver Posting - ################# Close Browser #################
2022-08-28 13:08:24,392 [main] INFO Driver Posting - ################# Open Chrome Browser #################
2022-08-28 13:08:24,393 [main] INFO Driver Posting - ################# Open URL #################
2022-08-28 13:08:34,322 [main] INFO Driver Posting - ################# Validate the support page directly #################
2022-08-28 13:08:34,324 [main] INFO Driver Posting - ################# Type Driver Model #################
2022-08-28 13:08:34,908 [main] INFO Driver Posting - ################# Click on Search button #################
2022-08-28 13:08:43,842 [main] INFO Driver Posting - ################# Clciked on Model Search Link with refresh #################
2022-08-28 13:08:43,844 [main] INFO Driver Posting - ################# Validate the Model LinkPage #################
2022-08-28 13:08:44,040 [main] INFO Driver Posting - ################# SelectOS #################
2022-08-28 13:08:45,518 [main] INFO Driver Posting - ################# SelectLanguage #################
2022-08-28 13:08:45,777 [main] INFO Driver Posting - ################# SelectTag #################
2022-08-28 13:08:45,964 [main] INFO Driver Posting - ################# Apply Filters #################
2022-08-28 13:08:47,593 [main] INFO Driver Posting - ################# PS_x64bit Driver MoreDetails Link #################
2022-08-28 13:08:51,974 [main] INFO Driver Posting - ################# Get PS_x64 Driver ReleasedDate #################
2022-08-28 13:08:52,165 [main] INFO Driver Posting - ################# Get PS_x64 Driver Version #################
2022-08-28 13:08:52,267 [main] INFO Driver Posting - ################# Get PS_x64 Driver Size #################
2022-08-28 13:08:52,367 [main] INFO Driver Posting - ################# Get PS_x64 Driver Filename #################
2022-08-28 13:08:52,453 [main] INFO Driver Posting - ################# Get PS_x64 Driver Tagname #################
2022-08-28 13:08:52,590 [main] INFO Driver Posting - #################  Click CheckAgreeBtn #################
2022-08-28 13:08:52,891 [main] INFO Driver Posting - ################# Clcik DownloadBtn #################
2022-08-28 13:08:54,428 [main] INFO Driver Posting - ################# Close Browser #################
2022-08-28 13:09:02,976 [main] INFO Driver Posting - ################# Open Chrome Browser #################
2022-08-28 13:09:02,980 [main] INFO Driver Posting - ################# Open URL #################
2022-08-28 13:09:12,416 [main] INFO Driver Posting - ################# Validate the support page directly #################
2022-08-28 13:09:12,419 [main] INFO Driver Posting - ################# Type Driver Model #################
2022-08-28 13:09:13,155 [main] INFO Driver Posting - ################# Click on Search button #################
2022-08-28 13:09:20,731 [main] INFO Driver Posting - ################# Clciked on Model Search Link with refresh #################
2022-08-28 13:09:20,733 [main] INFO Driver Posting - ################# Validate the Model LinkPage #################
2022-08-28 13:09:20,874 [main] INFO Driver Posting - ################# SelectOS #################
2022-08-28 13:09:21,525 [main] INFO Driver Posting - ################# SelectLanguage #################
2022-08-28 13:09:21,734 [main] INFO Driver Posting - ################# SelectTag #################
2022-08-28 13:09:21,879 [main] INFO Driver Posting - ################# Apply Filters #################
2022-08-28 13:09:22,783 [main] INFO Driver Posting - ################# PS_x64bit Driver MoreDetails Link #################
2022-08-28 13:09:25,053 [main] INFO Driver Posting - ################# Get PS_x64 Driver ReleasedDate #################
2022-08-28 13:09:25,189 [main] INFO Driver Posting - ################# Get PS_x64 Driver Version #################
2022-08-28 13:09:25,351 [main] INFO Driver Posting - ################# Get PS_x64 Driver Size #################
2022-08-28 13:09:25,534 [main] INFO Driver Posting - ################# Get PS_x64 Driver Filename #################
2022-08-28 13:09:25,625 [main] INFO Driver Posting - ################# Get PS_x64 Driver Tagname #################
2022-08-28 13:09:25,713 [main] INFO Driver Posting - #################  Click CheckAgreeBtn #################
2022-08-28 13:09:25,977 [main] INFO Driver Posting - ################# Clcik DownloadBtn #################
2022-08-28 13:09:26,259 [main] INFO Driver Posting - ################# Close Browser #################
2022-08-28 13:09:32,743 [main] INFO Driver Posting - ################# Open Chrome Browser #################
2022-08-28 13:09:32,745 [main] INFO Driver Posting - ################# Open URL #################
2022-08-28 13:09:39,774 [main] INFO Driver Posting - ################# Validate the support page directly #################
2022-08-28 13:09:39,776 [main] INFO Driver Posting - ################# Type Driver Model #################
2022-08-28 13:09:40,441 [main] INFO Driver Posting - ################# Click on Search button #################
2022-08-28 13:09:47,714 [main] INFO Driver Posting - ################# Clciked on Model Search Link with refresh #################
2022-08-28 13:09:47,717 [main] INFO Driver Posting - ################# Validate the Model LinkPage #################
2022-08-28 13:09:47,808 [main] INFO Driver Posting - ################# SelectOS #################
2022-08-28 13:09:48,634 [main] INFO Driver Posting - ################# SelectLanguage #################
2022-08-28 13:09:48,829 [main] INFO Driver Posting - ################# SelectTag #################
2022-08-28 13:09:49,045 [main] INFO Driver Posting - ################# Apply Filters #################
2022-08-28 13:09:50,455 [main] INFO Driver Posting - ################# PS_x64bit Driver MoreDetails Link #################
2022-08-28 13:09:52,369 [main] INFO Driver Posting - ################# Get PS_x64 Driver ReleasedDate #################
2022-08-28 13:09:52,416 [main] INFO Driver Posting - ################# Get PS_x64 Driver Version #################
2022-08-28 13:09:52,461 [main] INFO Driver Posting - ################# Get PS_x64 Driver Size #################
2022-08-28 13:09:52,541 [main] INFO Driver Posting - ################# Get PS_x64 Driver Filename #################
2022-08-28 13:09:52,627 [main] INFO Driver Posting - ################# Get PS_x64 Driver Tagname #################
2022-08-28 13:09:52,786 [main] INFO Driver Posting - #################  Click CheckAgreeBtn #################
2022-08-28 13:09:53,004 [main] INFO Driver Posting - ################# Clcik DownloadBtn #################
2022-08-28 13:09:53,283 [main] INFO Driver Posting - ################# Close Browser #################
2022-08-28 13:09:58,369 [main] INFO Driver Posting - ################# Open Chrome Browser #################
2022-08-28 13:09:58,369 [main] INFO Driver Posting - ################# Open URL #################
2022-08-28 13:10:05,512 [main] INFO Driver Posting - ################# Validate the support page directly #################
2022-08-28 13:10:05,513 [main] INFO Driver Posting - ################# Type Driver Model #################
2022-08-28 13:10:06,212 [main] INFO Driver Posting - ################# Click on Search button #################
2022-08-28 13:10:11,546 [main] INFO Driver Posting - ################# Clciked on Model Search Link with refresh #################
2022-08-28 13:10:11,548 [main] INFO Driver Posting - ################# Validate the Model LinkPage #################
2022-08-28 13:10:11,607 [main] INFO Driver Posting - ################# SelectOS #################
2022-08-28 13:10:12,337 [main] INFO Driver Posting - ################# SelectLanguage #################
2022-08-28 13:10:12,570 [main] INFO Driver Posting - ################# SelectTag #################
2022-08-28 13:10:12,718 [main] INFO Driver Posting - ################# Apply Filters #################
2022-08-28 13:10:13,566 [main] INFO Driver Posting - ################# PS_x64bit Driver MoreDetails Link #################
2022-08-28 13:10:16,446 [main] INFO Driver Posting - ################# Get PS_x64 Driver ReleasedDate #################
2022-08-28 13:10:16,526 [main] INFO Driver Posting - ################# Get PS_x64 Driver Version #################
2022-08-28 13:10:16,570 [main] INFO Driver Posting - ################# Get PS_x64 Driver Size #################
2022-08-28 13:10:16,611 [main] INFO Driver Posting - ################# Get PS_x64 Driver Filename #################
2022-08-28 13:10:16,659 [main] INFO Driver Posting - ################# Get PS_x64 Driver Tagname #################
2022-08-28 13:10:16,705 [main] INFO Driver Posting - #################  Click CheckAgreeBtn #################
2022-08-28 13:10:16,783 [main] INFO Driver Posting - ################# Clcik DownloadBtn #################
2022-08-28 13:10:17,960 [main] INFO Driver Posting - ################# Close Browser #################
2022-08-28 13:10:26,939 [main] INFO Driver Posting - ################# Open Chrome Browser #################
2022-08-28 13:10:26,940 [main] INFO Driver Posting - ################# Open URL #################
2022-08-28 13:10:39,100 [main] INFO Driver Posting - ################# Validate the support page directly #################
2022-08-28 13:10:39,103 [main] INFO Driver Posting - ################# Type Driver Model #################
2022-08-28 13:10:39,754 [main] INFO Driver Posting - ################# Click on Search button #################
2022-08-28 13:10:47,703 [main] INFO Driver Posting - ################# Clciked on Model Search Link with refresh #################
2022-08-28 13:10:47,705 [main] INFO Driver Posting - ################# Validate the Model LinkPage #################
2022-08-28 13:10:47,806 [main] INFO Driver Posting - ################# SelectOS #################
2022-08-28 13:10:48,192 [main] INFO Driver Posting - ################# SelectLanguage #################
2022-08-28 13:10:48,363 [main] INFO Driver Posting - ################# SelectTag #################
2022-08-28 13:10:48,578 [main] INFO Driver Posting - ################# Apply Filters #################
2022-08-28 13:10:49,742 [main] INFO Driver Posting - ################# PS_x64bit Driver MoreDetails Link #################
2022-08-28 13:10:55,796 [main] INFO Driver Posting - ################# Get PS_x64 Driver ReleasedDate #################
2022-08-28 13:10:55,950 [main] INFO Driver Posting - ################# Get PS_x64 Driver Version #################
2022-08-28 13:10:56,098 [main] INFO Driver Posting - ################# Get PS_x64 Driver Size #################
2022-08-28 13:10:56,197 [main] INFO Driver Posting - ################# Get PS_x64 Driver Filename #################
2022-08-28 13:10:56,291 [main] INFO Driver Posting - ################# Get PS_x64 Driver Tagname #################
2022-08-28 13:10:56,529 [main] INFO Driver Posting - #################  Click CheckAgreeBtn #################
2022-08-28 13:10:56,792 [main] INFO Driver Posting - ################# Clcik DownloadBtn #################
2022-08-28 13:10:57,211 [main] INFO Driver Posting - ################# Close Browser #################
2022-08-28 13:11:05,938 [main] INFO Driver Posting - ################# Open Chrome Browser #################
2022-08-28 13:11:05,939 [main] INFO Driver Posting - ################# Open URL #################
2022-08-28 13:11:17,599 [main] INFO Driver Posting - ################# Validate the support page directly #################
2022-08-28 13:11:17,602 [main] INFO Driver Posting - ################# Type Driver Model #################
2022-08-28 13:11:18,200 [main] INFO Driver Posting - ################# Click on Search button #################
2022-08-28 13:11:27,011 [main] INFO Driver Posting - ################# Clciked on Model Search Link with refresh #################
2022-08-28 13:11:27,012 [main] INFO Driver Posting - ################# Validate the Model LinkPage #################
2022-08-28 13:11:27,075 [main] INFO Driver Posting - ################# SelectOS #################
2022-08-28 13:11:27,731 [main] INFO Driver Posting - ################# SelectLanguage #################
2022-08-28 13:11:27,853 [main] INFO Driver Posting - ################# SelectTag #################
2022-08-28 13:11:28,047 [main] INFO Driver Posting - ################# Apply Filters #################
2022-08-28 13:11:28,873 [main] INFO Driver Posting - ################# PS_x64bit Driver MoreDetails Link #################
2022-08-28 13:11:31,306 [main] INFO Driver Posting - ################# Get PS_x64 Driver ReleasedDate #################
2022-08-28 13:11:31,444 [main] INFO Driver Posting - ################# Get PS_x64 Driver Version #################
2022-08-28 13:11:31,598 [main] INFO Driver Posting - ################# Get PS_x64 Driver Size #################
2022-08-28 13:11:31,741 [main] INFO Driver Posting - ################# Get PS_x64 Driver Filename #################
2022-08-28 13:11:31,942 [main] INFO Driver Posting - ################# Get PS_x64 Driver Tagname #################
2022-08-28 13:11:32,036 [main] INFO Driver Posting - #################  Click CheckAgreeBtn #################
2022-08-28 13:11:32,282 [main] INFO Driver Posting - ################# Clcik DownloadBtn #################
2022-08-28 13:11:32,870 [main] INFO Driver Posting - ################# Close Browser #################
2022-08-28 13:11:36,913 [main] INFO Driver Posting - ################# Open Chrome Browser #################
2022-08-28 13:11:36,914 [main] INFO Driver Posting - ################# Open URL #################
2022-08-28 13:11:44,579 [main] INFO Driver Posting - ################# Validate the support page directly #################
2022-08-28 13:11:44,581 [main] INFO Driver Posting - ################# Type Driver Model #################
2022-08-28 13:11:45,262 [main] INFO Driver Posting - ################# Click on Search button #################
2022-08-28 13:11:50,785 [main] INFO Driver Posting - ################# Clciked on Model Search Link with refresh #################
2022-08-28 13:11:50,786 [main] INFO Driver Posting - ################# Validate the Model LinkPage #################
2022-08-28 13:11:50,848 [main] INFO Driver Posting - ################# SelectOS #################
2022-08-28 13:11:51,147 [main] INFO Driver Posting - ################# SelectLanguage #################
2022-08-28 13:11:51,416 [main] INFO Driver Posting - ################# SelectTag #################
2022-08-28 13:11:51,679 [main] INFO Driver Posting - ################# Apply Filters #################
2022-08-28 13:11:52,516 [main] INFO Driver Posting - ################# PS Driver MoreDetails Link #################
2022-08-28 13:11:54,344 [main] INFO Driver Posting - ################# Get PS_x86 Driver ReleasedDate #################
2022-08-28 13:11:54,451 [main] INFO Driver Posting - ################# Get PS_x86 Driver Version #################
2022-08-28 13:11:54,598 [main] INFO Driver Posting - ################# Get PS_x86 Driver Size #################
2022-08-28 13:11:54,702 [main] INFO Driver Posting - ################# PS_x86 Driver Filename #################
2022-08-28 13:11:54,799 [main] INFO Driver Posting - ################# Get PS_x86 Driver Tagname #################
2022-08-28 13:11:54,932 [main] INFO Driver Posting - #################  Click CheckAgreeBtn #################
2022-08-28 13:11:55,121 [main] INFO Driver Posting - ################# Clcik DownloadBtn #################
2022-08-28 13:11:55,404 [main] INFO Driver Posting - ################# Close Browser #################
2022-08-28 13:12:02,651 [main] INFO Driver Posting - ################# Open Chrome Browser #################
2022-08-28 13:12:02,654 [main] INFO Driver Posting - ################# Open URL #################
2022-08-28 13:12:11,537 [main] INFO Driver Posting - ################# Validate the support page directly #################
2022-08-28 13:12:11,538 [main] INFO Driver Posting - ################# Type Driver Model #################
2022-08-28 13:12:12,188 [main] INFO Driver Posting - ################# Click on Search button #################
2022-08-28 13:12:19,085 [main] INFO Driver Posting - ################# Clciked on Model Search Link with refresh #################
2022-08-28 13:12:19,088 [main] INFO Driver Posting - ################# Validate the Model LinkPage #################
2022-08-28 13:12:19,198 [main] INFO Driver Posting - ################# SelectOS #################
2022-08-28 13:12:19,650 [main] INFO Driver Posting - ################# SelectLanguage #################
2022-08-28 13:12:19,863 [main] INFO Driver Posting - ################# SelectTag #################
2022-08-28 13:12:20,062 [main] INFO Driver Posting - ################# Apply Filters #################
2022-08-28 13:12:21,250 [main] INFO Driver Posting - ################# PS Driver MoreDetails Link #################
2022-08-28 13:12:23,093 [main] INFO Driver Posting - ################# Get PS_x86 Driver ReleasedDate #################
2022-08-28 13:12:23,168 [main] INFO Driver Posting - ################# Get PS_x86 Driver Version #################
2022-08-28 13:12:23,228 [main] INFO Driver Posting - ################# Get PS_x86 Driver Size #################
2022-08-28 13:12:23,296 [main] INFO Driver Posting - ################# PS_x86 Driver Filename #################
2022-08-28 13:12:23,372 [main] INFO Driver Posting - ################# Get PS_x86 Driver Tagname #################
2022-08-28 13:12:23,435 [main] INFO Driver Posting - #################  Click CheckAgreeBtn #################
2022-08-28 13:12:23,566 [main] INFO Driver Posting - ################# Clcik DownloadBtn #################
2022-08-28 13:12:23,913 [main] INFO Driver Posting - ################# Close Browser #################
2022-08-28 13:12:31,969 [main] INFO Driver Posting - ################# Open Chrome Browser #################
2022-08-28 13:12:31,970 [main] INFO Driver Posting - ################# Open URL #################
2022-08-28 13:12:39,873 [main] INFO Driver Posting - ################# Validate the support page directly #################
2022-08-28 13:12:39,875 [main] INFO Driver Posting - ################# Type Driver Model #################
2022-08-28 13:12:40,766 [main] INFO Driver Posting - ################# Click on Search button #################
2022-08-28 13:12:47,816 [main] INFO Driver Posting - ################# Clciked on Model Search Link with refresh #################
2022-08-28 13:12:47,820 [main] INFO Driver Posting - ################# Validate the Model LinkPage #################
2022-08-28 13:12:47,881 [main] INFO Driver Posting - ################# SelectOS #################
2022-08-28 13:12:48,392 [main] INFO Driver Posting - ################# SelectLanguage #################
2022-08-28 13:12:48,560 [main] INFO Driver Posting - ################# SelectTag #################
2022-08-28 13:12:48,827 [main] INFO Driver Posting - ################# Apply Filters #################
2022-08-28 13:12:50,572 [main] INFO Driver Posting - ################# PS Driver MoreDetails Link #################
2022-08-28 13:12:57,135 [main] INFO Driver Posting - ################# Get PS_x86 Driver ReleasedDate #################
2022-08-28 13:12:57,257 [main] INFO Driver Posting - ################# Get PS_x86 Driver Version #################
2022-08-28 13:12:57,342 [main] INFO Driver Posting - ################# Get PS_x86 Driver Size #################
2022-08-28 13:12:57,414 [main] INFO Driver Posting - ################# PS_x86 Driver Filename #################
2022-08-28 13:12:57,463 [main] INFO Driver Posting - ################# Get PS_x86 Driver Tagname #################
2022-08-28 13:12:57,535 [main] INFO Driver Posting - #################  Click CheckAgreeBtn #################
2022-08-28 13:12:57,664 [main] INFO Driver Posting - ################# Clcik DownloadBtn #################
2022-08-28 13:12:58,018 [main] INFO Driver Posting - ################# Close Browser #################
2022-08-28 13:13:02,174 [main] INFO Driver Posting - ################# Open Chrome Browser #################
2022-08-28 13:13:02,175 [main] INFO Driver Posting - ################# Open URL #################
2022-08-28 13:13:15,084 [main] INFO Driver Posting - ################# Validate the support page directly #################
2022-08-28 13:13:15,084 [main] INFO Driver Posting - ################# Type Driver Model #################
2022-08-28 13:13:15,413 [main] INFO Driver Posting - ################# Click on Search button #################
2022-08-28 13:13:26,145 [main] INFO Driver Posting - ################# Clciked on Model Search Link with refresh #################
2022-08-28 13:13:26,145 [main] INFO Driver Posting - ################# Validate the Model LinkPage #################
2022-08-28 13:13:26,173 [main] INFO Driver Posting - ################# SelectOS #################
2022-08-28 13:13:26,542 [main] INFO Driver Posting - ################# SelectLanguage #################
2022-08-28 13:13:26,678 [main] INFO Driver Posting - ################# SelectTag #################
2022-08-28 13:13:26,834 [main] INFO Driver Posting - ################# Apply Filters #################
2022-08-28 13:13:27,878 [main] INFO Driver Posting - ################# PS Driver MoreDetails Link #################
2022-08-28 13:13:30,768 [main] INFO Driver Posting - ################# Get PS_x86 Driver ReleasedDate #################
2022-08-28 13:13:30,906 [main] INFO Driver Posting - ################# Get PS_x86 Driver Version #################
2022-08-28 13:13:31,052 [main] INFO Driver Posting - ################# Get PS_x86 Driver Size #################
2022-08-28 13:13:31,213 [main] INFO Driver Posting - ################# PS_x86 Driver Filename #################
2022-08-28 13:13:31,273 [main] INFO Driver Posting - ################# Get PS_x86 Driver Tagname #################
2022-08-28 13:13:31,336 [main] INFO Driver Posting - #################  Click CheckAgreeBtn #################
2022-08-28 13:13:31,661 [main] INFO Driver Posting - ################# Clcik DownloadBtn #################
2022-08-28 13:13:32,021 [main] INFO Driver Posting - ################# Close Browser #################
2022-08-28 13:13:37,723 [main] INFO Driver Posting - ################# Open Chrome Browser #################
2022-08-28 13:13:37,727 [main] INFO Driver Posting - ################# Open URL #################
2022-08-28 13:13:45,184 [main] INFO Driver Posting - ################# Validate the support page directly #################
2022-08-28 13:13:45,185 [main] INFO Driver Posting - ################# Type Driver Model #################
2022-08-28 13:13:45,959 [main] INFO Driver Posting - ################# Click on Search button #################
2022-08-28 13:13:55,637 [main] INFO Driver Posting - ################# Clciked on Model Search Link with refresh #################
2022-08-28 13:13:55,641 [main] INFO Driver Posting - ################# Validate the Model LinkPage #################
2022-08-28 13:13:55,765 [main] INFO Driver Posting - ################# SelectOS #################
2022-08-28 13:13:56,428 [main] INFO Driver Posting - ################# SelectLanguage #################
2022-08-28 13:13:56,505 [main] INFO Driver Posting - ################# SelectTag #################
2022-08-28 13:13:56,582 [main] INFO Driver Posting - ################# Apply Filters #################
2022-08-28 13:13:57,895 [main] INFO Driver Posting - ################# PS Driver MoreDetails Link #################
2022-08-28 13:13:59,791 [main] INFO Driver Posting - ################# Get PS_x86 Driver ReleasedDate #################
2022-08-28 13:13:59,910 [main] INFO Driver Posting - ################# Get PS_x86 Driver Version #################
2022-08-28 13:14:00,054 [main] INFO Driver Posting - ################# Get PS_x86 Driver Size #################
2022-08-28 13:14:00,206 [main] INFO Driver Posting - ################# PS_x86 Driver Filename #################
2022-08-28 13:14:00,358 [main] INFO Driver Posting - ################# Get PS_x86 Driver Tagname #################
2022-08-28 13:14:00,487 [main] INFO Driver Posting - #################  Click CheckAgreeBtn #################
2022-08-28 13:14:00,844 [main] INFO Driver Posting - ################# Clcik DownloadBtn #################
2022-08-28 13:14:01,149 [main] INFO Driver Posting - ################# Close Browser #################
2022-08-28 13:14:04,840 [main] INFO Driver Posting - ################# Open Chrome Browser #################
2022-08-28 13:14:04,854 [main] INFO Driver Posting - ################# Open URL #################
2022-08-28 13:14:17,962 [main] INFO Driver Posting - ################# Validate the support page directly #################
2022-08-28 13:14:17,964 [main] INFO Driver Posting - ################# Type Driver Model #################
2022-08-28 13:14:18,527 [main] INFO Driver Posting - ################# Click on Search button #################
2022-08-28 13:14:24,785 [main] INFO Driver Posting - ################# Clciked on Model Search Link with refresh #################
2022-08-28 13:14:24,786 [main] INFO Driver Posting - ################# Validate the Model LinkPage #################
2022-08-28 13:14:24,866 [main] INFO Driver Posting - ################# SelectOS #################
2022-08-28 13:14:25,261 [main] INFO Driver Posting - ################# SelectLanguage #################
2022-08-28 13:14:25,536 [main] INFO Driver Posting - ################# SelectTag #################
2022-08-28 13:14:25,638 [main] INFO Driver Posting - ################# Apply Filters #################
2022-08-28 13:14:26,934 [main] INFO Driver Posting - ################# PS Driver MoreDetails Link #################
2022-08-28 13:14:29,494 [main] INFO Driver Posting - ################# Get PS_x86 Driver ReleasedDate #################
2022-08-28 13:14:29,631 [main] INFO Driver Posting - ################# Get PS_x86 Driver Version #################
2022-08-28 13:14:29,782 [main] INFO Driver Posting - ################# Get PS_x86 Driver Size #################
2022-08-28 13:14:29,941 [main] INFO Driver Posting - ################# PS_x86 Driver Filename #################
2022-08-28 13:14:30,085 [main] INFO Driver Posting - ################# Get PS_x86 Driver Tagname #################
2022-08-28 13:14:30,185 [main] INFO Driver Posting - #################  Click CheckAgreeBtn #################
2022-08-28 13:14:30,430 [main] INFO Driver Posting - ################# Clcik DownloadBtn #################
2022-08-28 13:14:30,742 [main] INFO Driver Posting - ################# Close Browser #################
2022-08-28 13:30:24,855 [main] INFO Driver Posting - ################# Open Chrome Browser #################
2022-08-28 13:30:24,861 [main] INFO Driver Posting - ################# Open URL #################
2022-08-28 13:30:31,693 [main] INFO Driver Posting - ################# Validate the support page directly #################
2022-08-28 13:30:31,694 [main] INFO Driver Posting - ################# Type Driver Model #################
2022-08-28 13:30:32,087 [main] INFO Driver Posting - ################# Click on Search button #################
2022-08-28 13:30:40,325 [main] INFO Driver Posting - ################# Clciked on Model Search Link with refresh #################
2022-08-28 13:30:40,326 [main] INFO Driver Posting - ################# Validate the Model LinkPage #################
2022-08-28 13:30:40,368 [main] INFO Driver Posting - ################# SelectOS #################
2022-08-28 13:30:40,524 [main] INFO Driver Posting - ################# SelectLanguage #################
2022-08-28 13:30:40,631 [main] INFO Driver Posting - ################# SelectTag #################
2022-08-28 13:30:40,740 [main] INFO Driver Posting - ################# Apply Filters #################
2022-08-28 13:30:41,289 [main] INFO Driver Posting - ################# PS_x64bit Driver MoreDetails Link #################
2022-08-28 13:30:42,478 [main] INFO Driver Posting - ################# Get PS_x64 Driver ReleasedDate #################
2022-08-28 13:30:42,540 [main] INFO Driver Posting - ################# Get PS_x64 Driver Version #################
2022-08-28 13:30:42,586 [main] INFO Driver Posting - ################# Get PS_x64 Driver Size #################
2022-08-28 13:30:42,632 [main] INFO Driver Posting - ################# Get PS_x64 Driver Filename #################
2022-08-28 13:30:42,683 [main] INFO Driver Posting - ################# Get PS_x64 Driver Tagname #################
2022-08-28 13:30:42,734 [main] INFO Driver Posting - #################  Click CheckAgreeBtn #################
2022-08-28 13:30:42,837 [main] INFO Driver Posting - ################# Clcik DownloadBtn #################
2022-08-28 13:30:43,222 [main] INFO Driver Posting - ################# Close Browser #################
2022-08-28 13:30:45,003 [main] INFO Driver Posting - ################# Open Chrome Browser #################
2022-08-28 13:30:45,004 [main] INFO Driver Posting - ################# Open URL #################
2022-08-28 13:30:56,869 [main] INFO Driver Posting - ################# Validate the support page directly #################
2022-08-28 13:30:56,870 [main] INFO Driver Posting - ################# Type Driver Model #################
2022-08-28 13:30:57,133 [main] INFO Driver Posting - ################# Click on Search button #################
2022-08-28 13:31:05,925 [main] INFO Driver Posting - ################# Clciked on Model Search Link with refresh #################
2022-08-28 13:31:05,956 [main] INFO Driver Posting - ################# Validate the Model LinkPage #################
2022-08-28 13:31:06,218 [main] INFO Driver Posting - ################# SelectOS #################
2022-08-28 13:31:06,531 [main] INFO Driver Posting - ################# SelectLanguage #################
2022-08-28 13:31:06,614 [main] INFO Driver Posting - ################# SelectTag #################
2022-08-28 13:31:06,713 [main] INFO Driver Posting - ################# Apply Filters #################
2022-08-28 13:31:08,608 [main] INFO Driver Posting - ################# PS_x64bit Driver MoreDetails Link #################
2022-08-28 13:31:10,552 [main] INFO Driver Posting - ################# Get PS_x64 Driver ReleasedDate #################
2022-08-28 13:31:10,601 [main] INFO Driver Posting - ################# Get PS_x64 Driver Version #################
2022-08-28 13:31:10,646 [main] INFO Driver Posting - ################# Get PS_x64 Driver Size #################
2022-08-28 13:31:10,691 [main] INFO Driver Posting - ################# Get PS_x64 Driver Filename #################
2022-08-28 13:31:10,741 [main] INFO Driver Posting - ################# Get PS_x64 Driver Tagname #################
2022-08-28 13:31:10,787 [main] INFO Driver Posting - #################  Click CheckAgreeBtn #################
2022-08-28 13:31:10,869 [main] INFO Driver Posting - ################# Clcik DownloadBtn #################
2022-08-28 13:31:11,468 [main] INFO Driver Posting - ################# Close Browser #################
2022-08-28 13:31:17,757 [main] INFO Driver Posting - ################# Open Chrome Browser #################
2022-08-28 13:31:17,760 [main] INFO Driver Posting - ################# Open URL #################
2022-08-28 13:31:26,696 [main] INFO Driver Posting - ################# Validate the support page directly #################
2022-08-28 13:31:26,697 [main] INFO Driver Posting - ################# Type Driver Model #################
2022-08-28 13:31:26,975 [main] INFO Driver Posting - ################# Click on Search button #################
2022-08-28 13:31:36,750 [main] INFO Driver Posting - ################# Clciked on Model Search Link with refresh #################
2022-08-28 13:31:36,751 [main] INFO Driver Posting - ################# Validate the Model LinkPage #################
2022-08-28 13:31:36,788 [main] INFO Driver Posting - ################# SelectOS #################
2022-08-28 13:31:37,023 [main] INFO Driver Posting - ################# SelectLanguage #################
2022-08-28 13:31:37,111 [main] INFO Driver Posting - ################# SelectTag #################
2022-08-28 13:31:37,192 [main] INFO Driver Posting - ################# Apply Filters #################
2022-08-28 13:31:37,754 [main] INFO Driver Posting - ################# PS_x64bit Driver MoreDetails Link #################
2022-08-28 13:31:38,782 [main] INFO Driver Posting - ################# Get PS_x64 Driver ReleasedDate #################
2022-08-28 13:31:38,825 [main] INFO Driver Posting - ################# Get PS_x64 Driver Version #################
2022-08-28 13:31:38,867 [main] INFO Driver Posting - ################# Get PS_x64 Driver Size #################
2022-08-28 13:31:38,907 [main] INFO Driver Posting - ################# Get PS_x64 Driver Filename #################
2022-08-28 13:31:38,950 [main] INFO Driver Posting - ################# Get PS_x64 Driver Tagname #################
2022-08-28 13:31:39,001 [main] INFO Driver Posting - #################  Click CheckAgreeBtn #################
2022-08-28 13:31:39,099 [main] INFO Driver Posting - ################# Clcik DownloadBtn #################
2022-08-28 13:31:39,458 [main] INFO Driver Posting - ################# Close Browser #################
2022-08-28 13:31:43,025 [main] INFO Driver Posting - ################# Open Chrome Browser #################
2022-08-28 13:31:43,026 [main] INFO Driver Posting - ################# Open URL #################
2022-08-28 13:31:51,902 [main] INFO Driver Posting - ################# Validate the support page directly #################
2022-08-28 13:31:51,902 [main] INFO Driver Posting - ################# Type Driver Model #################
2022-08-28 13:31:52,161 [main] INFO Driver Posting - ################# Click on Search button #################
2022-08-28 13:31:58,088 [main] INFO Driver Posting - ################# Clciked on Model Search Link with refresh #################
2022-08-28 13:31:58,090 [main] INFO Driver Posting - ################# Validate the Model LinkPage #################
2022-08-28 13:31:58,132 [main] INFO Driver Posting - ################# SelectOS #################
2022-08-28 13:31:58,312 [main] INFO Driver Posting - ################# SelectLanguage #################
2022-08-28 13:31:58,403 [main] INFO Driver Posting - ################# SelectTag #################
2022-08-28 13:31:58,483 [main] INFO Driver Posting - ################# Apply Filters #################
2022-08-28 13:31:59,195 [main] INFO Driver Posting - ################# PS_x64bit Driver MoreDetails Link #################
2022-08-28 13:32:00,301 [main] INFO Driver Posting - ################# Get PS_x64 Driver ReleasedDate #################
2022-08-28 13:32:00,347 [main] INFO Driver Posting - ################# Get PS_x64 Driver Version #################
2022-08-28 13:32:00,391 [main] INFO Driver Posting - ################# Get PS_x64 Driver Size #################
2022-08-28 13:32:00,436 [main] INFO Driver Posting - ################# Get PS_x64 Driver Filename #################
2022-08-28 13:32:00,497 [main] INFO Driver Posting - ################# Get PS_x64 Driver Tagname #################
2022-08-28 13:32:00,539 [main] INFO Driver Posting - #################  Click CheckAgreeBtn #################
2022-08-28 13:32:00,630 [main] INFO Driver Posting - ################# Clcik DownloadBtn #################
2022-08-28 13:32:00,835 [main] INFO Driver Posting - ################# Close Browser #################
2022-08-28 13:32:04,989 [main] INFO Driver Posting - ################# Open Chrome Browser #################
2022-08-28 13:32:04,992 [main] INFO Driver Posting - ################# Open URL #################
2022-08-28 13:32:11,944 [main] INFO Driver Posting - ################# Validate the support page directly #################
2022-08-28 13:32:11,944 [main] INFO Driver Posting - ################# Type Driver Model #################
2022-08-28 13:32:12,224 [main] INFO Driver Posting - ################# Click on Search button #################
2022-08-28 13:32:20,480 [main] INFO Driver Posting - ################# Clciked on Model Search Link with refresh #################
2022-08-28 13:32:20,480 [main] INFO Driver Posting - ################# Validate the Model LinkPage #################
2022-08-28 13:32:20,515 [main] INFO Driver Posting - ################# SelectOS #################
2022-08-28 13:32:20,731 [main] INFO Driver Posting - ################# SelectLanguage #################
2022-08-28 13:32:20,814 [main] INFO Driver Posting - ################# SelectTag #################
2022-08-28 13:32:20,898 [main] INFO Driver Posting - ################# Apply Filters #################
2022-08-28 13:32:21,462 [main] INFO Driver Posting - ################# PS_x64bit Driver MoreDetails Link #################
2022-08-28 13:32:22,489 [main] INFO Driver Posting - ################# Get PS_x64 Driver ReleasedDate #################
2022-08-28 13:32:22,533 [main] INFO Driver Posting - ################# Get PS_x64 Driver Version #################
2022-08-28 13:32:22,579 [main] INFO Driver Posting - ################# Get PS_x64 Driver Size #################
2022-08-28 13:32:22,624 [main] INFO Driver Posting - ################# Get PS_x64 Driver Filename #################
2022-08-28 13:32:22,679 [main] INFO Driver Posting - ################# Get PS_x64 Driver Tagname #################
2022-08-28 13:32:22,723 [main] INFO Driver Posting - #################  Click CheckAgreeBtn #################
2022-08-28 13:32:22,822 [main] INFO Driver Posting - ################# Clcik DownloadBtn #################
2022-08-28 13:32:23,027 [main] INFO Driver Posting - ################# Close Browser #################
2022-08-28 13:32:26,666 [main] INFO Driver Posting - ################# Open Chrome Browser #################
2022-08-28 13:32:26,668 [main] INFO Driver Posting - ################# Open URL #################
2022-08-28 13:32:34,440 [main] INFO Driver Posting - ################# Validate the support page directly #################
2022-08-28 13:32:34,441 [main] INFO Driver Posting - ################# Type Driver Model #################
2022-08-28 13:32:34,706 [main] INFO Driver Posting - ################# Click on Search button #################
2022-08-28 13:32:42,125 [main] INFO Driver Posting - ################# Clciked on Model Search Link with refresh #################
2022-08-28 13:32:42,126 [main] INFO Driver Posting - ################# Validate the Model LinkPage #################
2022-08-28 13:32:42,171 [main] INFO Driver Posting - ################# SelectOS #################
2022-08-28 13:32:42,435 [main] INFO Driver Posting - ################# SelectLanguage #################
2022-08-28 13:32:42,507 [main] INFO Driver Posting - ################# SelectTag #################
2022-08-28 13:32:42,596 [main] INFO Driver Posting - ################# Apply Filters #################
2022-08-28 13:32:43,170 [main] INFO Driver Posting - ################# PS_x64bit Driver MoreDetails Link #################
2022-08-28 13:32:44,270 [main] INFO Driver Posting - ################# Get PS_x64 Driver ReleasedDate #################
2022-08-28 13:32:44,310 [main] INFO Driver Posting - ################# Get PS_x64 Driver Version #################
2022-08-28 13:32:44,353 [main] INFO Driver Posting - ################# Get PS_x64 Driver Size #################
2022-08-28 13:32:44,394 [main] INFO Driver Posting - ################# Get PS_x64 Driver Filename #################
2022-08-28 13:32:44,441 [main] INFO Driver Posting - ################# Get PS_x64 Driver Tagname #################
2022-08-28 13:32:44,486 [main] INFO Driver Posting - #################  Click CheckAgreeBtn #################
2022-08-28 13:32:44,602 [main] INFO Driver Posting - ################# Clcik DownloadBtn #################
2022-08-28 13:32:44,805 [main] INFO Driver Posting - ################# Close Browser #################
2022-08-28 13:32:47,746 [main] INFO Driver Posting - ################# Open Chrome Browser #################
2022-08-28 13:32:47,747 [main] INFO Driver Posting - ################# Open URL #################
2022-08-28 13:32:54,741 [main] INFO Driver Posting - ################# Validate the support page directly #################
2022-08-28 13:32:54,741 [main] INFO Driver Posting - ################# Type Driver Model #################
2022-08-28 13:32:55,010 [main] INFO Driver Posting - ################# Click on Search button #################
2022-08-28 13:33:02,270 [main] INFO Driver Posting - ################# Clciked on Model Search Link with refresh #################
2022-08-28 13:33:02,273 [main] INFO Driver Posting - ################# Validate the Model LinkPage #################
2022-08-28 13:33:02,320 [main] INFO Driver Posting - ################# SelectOS #################
2022-08-28 13:33:02,598 [main] INFO Driver Posting - ################# SelectLanguage #################
2022-08-28 13:33:02,670 [main] INFO Driver Posting - ################# SelectTag #################
2022-08-28 13:33:02,752 [main] INFO Driver Posting - ################# Apply Filters #################
2022-08-28 13:33:03,398 [main] INFO Driver Posting - ################# PS_x64bit Driver MoreDetails Link #################
2022-08-28 13:33:04,526 [main] INFO Driver Posting - ################# Get PS_x64 Driver ReleasedDate #################
2022-08-28 13:33:04,569 [main] INFO Driver Posting - ################# Get PS_x64 Driver Version #################
2022-08-28 13:33:04,614 [main] INFO Driver Posting - ################# Get PS_x64 Driver Size #################
2022-08-28 13:33:04,656 [main] INFO Driver Posting - ################# Get PS_x64 Driver Filename #################
2022-08-28 13:33:04,703 [main] INFO Driver Posting - ################# Get PS_x64 Driver Tagname #################
2022-08-28 13:33:04,754 [main] INFO Driver Posting - #################  Click CheckAgreeBtn #################
2022-08-28 13:33:04,866 [main] INFO Driver Posting - ################# Clcik DownloadBtn #################
2022-08-28 13:33:05,095 [main] INFO Driver Posting - ################# Close Browser #################
2022-08-28 13:33:08,383 [main] INFO Driver Posting - ################# Open Chrome Browser #################
2022-08-28 13:33:08,384 [main] INFO Driver Posting - ################# Open URL #################
2022-08-28 13:33:17,045 [main] INFO Driver Posting - ################# Validate the support page directly #################
2022-08-28 13:33:17,046 [main] INFO Driver Posting - ################# Type Driver Model #################
2022-08-28 13:33:17,312 [main] INFO Driver Posting - ################# Click on Search button #################
2022-08-28 13:33:23,083 [main] INFO Driver Posting - ################# Clciked on Model Search Link with refresh #################
2022-08-28 13:33:23,084 [main] INFO Driver Posting - ################# Validate the Model LinkPage #################
2022-08-28 13:33:23,139 [main] INFO Driver Posting - ################# SelectOS #################
2022-08-28 13:33:23,480 [main] INFO Driver Posting - ################# SelectLanguage #################
2022-08-28 13:33:23,569 [main] INFO Driver Posting - ################# SelectTag #################
2022-08-28 13:33:23,647 [main] INFO Driver Posting - ################# Apply Filters #################
2022-08-28 13:33:24,352 [main] INFO Driver Posting - ################# PS_x64bit Driver MoreDetails Link #################
2022-08-28 13:33:25,542 [main] INFO Driver Posting - ################# Get PS_x64 Driver ReleasedDate #################
2022-08-28 13:33:25,585 [main] INFO Driver Posting - ################# Get PS_x64 Driver Version #################
2022-08-28 13:33:25,627 [main] INFO Driver Posting - ################# Get PS_x64 Driver Size #################
2022-08-28 13:33:25,665 [main] INFO Driver Posting - ################# Get PS_x64 Driver Filename #################
2022-08-28 13:33:25,709 [main] INFO Driver Posting - ################# Get PS_x64 Driver Tagname #################
2022-08-28 13:33:25,751 [main] INFO Driver Posting - #################  Click CheckAgreeBtn #################
2022-08-28 13:33:25,836 [main] INFO Driver Posting - ################# Clcik DownloadBtn #################
2022-08-28 13:33:26,050 [main] INFO Driver Posting - ################# Close Browser #################
2022-08-28 13:33:31,931 [main] INFO Driver Posting - ################# Open Chrome Browser #################
2022-08-28 13:33:31,932 [main] INFO Driver Posting - ################# Open URL #################
2022-08-28 13:33:38,598 [main] INFO Driver Posting - ################# Validate the support page directly #################
2022-08-28 13:33:38,599 [main] INFO Driver Posting - ################# Type Driver Model #################
2022-08-28 13:33:38,874 [main] INFO Driver Posting - ################# Click on Search button #################
2022-08-28 13:33:43,325 [main] INFO Driver Posting - ################# Clciked on Model Search Link with refresh #################
2022-08-28 13:33:43,326 [main] INFO Driver Posting - ################# Validate the Model LinkPage #################
2022-08-28 13:33:43,355 [main] INFO Driver Posting - ################# SelectOS #################
2022-08-28 13:33:43,667 [main] INFO Driver Posting - ################# SelectLanguage #################
2022-08-28 13:33:43,753 [main] INFO Driver Posting - ################# SelectTag #################
2022-08-28 13:33:43,832 [main] INFO Driver Posting - ################# Apply Filters #################
2022-08-28 13:33:44,427 [main] INFO Driver Posting - ################# PS_x64bit Driver MoreDetails Link #################
2022-08-28 13:33:45,719 [main] INFO Driver Posting - ################# Get PS_x64 Driver ReleasedDate #################
2022-08-28 13:33:45,766 [main] INFO Driver Posting - ################# Get PS_x64 Driver Version #################
2022-08-28 13:33:45,815 [main] INFO Driver Posting - ################# Get PS_x64 Driver Size #################
2022-08-28 13:33:45,855 [main] INFO Driver Posting - ################# Get PS_x64 Driver Filename #################
2022-08-28 13:33:45,903 [main] INFO Driver Posting - ################# Get PS_x64 Driver Tagname #################
2022-08-28 13:33:45,945 [main] INFO Driver Posting - #################  Click CheckAgreeBtn #################
2022-08-28 13:33:46,020 [main] INFO Driver Posting - ################# Clcik DownloadBtn #################
2022-08-28 13:33:46,221 [main] INFO Driver Posting - ################# Close Browser #################
2022-08-28 13:33:48,090 [main] INFO Driver Posting - ################# Open Chrome Browser #################
2022-08-28 13:33:48,093 [main] INFO Driver Posting - ################# Open URL #################
2022-08-28 13:33:58,589 [main] INFO Driver Posting - ################# Validate the support page directly #################
2022-08-28 13:33:58,589 [main] INFO Driver Posting - ################# Type Driver Model #################
2022-08-28 13:33:58,849 [main] INFO Driver Posting - ################# Click on Search button #################
2022-08-28 13:34:03,484 [main] INFO Driver Posting - ################# Clciked on Model Search Link with refresh #################
2022-08-28 13:34:03,486 [main] INFO Driver Posting - ################# Validate the Model LinkPage #################
2022-08-28 13:34:03,521 [main] INFO Driver Posting - ################# SelectOS #################
2022-08-28 13:34:03,838 [main] INFO Driver Posting - ################# SelectLanguage #################
2022-08-28 13:34:03,918 [main] INFO Driver Posting - ################# SelectTag #################
2022-08-28 13:34:03,996 [main] INFO Driver Posting - ################# Apply Filters #################
2022-08-28 13:34:04,668 [main] INFO Driver Posting - ################# PS_x64bit Driver MoreDetails Link #################
2022-08-28 13:34:05,844 [main] INFO Driver Posting - ################# Get PS_x64 Driver ReleasedDate #################
2022-08-28 13:34:05,885 [main] INFO Driver Posting - ################# Get PS_x64 Driver Version #################
2022-08-28 13:34:05,924 [main] INFO Driver Posting - ################# Get PS_x64 Driver Size #################
2022-08-28 13:34:05,970 [main] INFO Driver Posting - ################# Get PS_x64 Driver Filename #################
2022-08-28 13:34:06,015 [main] INFO Driver Posting - ################# Get PS_x64 Driver Tagname #################
2022-08-28 13:34:06,055 [main] INFO Driver Posting - #################  Click CheckAgreeBtn #################
2022-08-28 13:34:06,133 [main] INFO Driver Posting - ################# Clcik DownloadBtn #################
2022-08-28 13:34:06,398 [main] INFO Driver Posting - ################# Close Browser #################
2022-08-28 13:34:09,523 [main] INFO Driver Posting - ################# Open Chrome Browser #################
2022-08-28 13:34:09,524 [main] INFO Driver Posting - ################# Open URL #################
2022-08-28 13:34:17,853 [main] INFO Driver Posting - ################# Validate the support page directly #################
2022-08-28 13:34:17,854 [main] INFO Driver Posting - ################# Type Driver Model #################
2022-08-28 13:34:18,120 [main] INFO Driver Posting - ################# Click on Search button #################
2022-08-28 13:34:22,974 [main] INFO Driver Posting - ################# Clciked on Model Search Link with refresh #################
2022-08-28 13:34:22,976 [main] INFO Driver Posting - ################# Validate the Model LinkPage #################
2022-08-28 13:34:23,010 [main] INFO Driver Posting - ################# SelectOS #################
2022-08-28 13:34:23,335 [main] INFO Driver Posting - ################# SelectLanguage #################
2022-08-28 13:34:23,433 [main] INFO Driver Posting - ################# SelectTag #################
2022-08-28 13:34:23,512 [main] INFO Driver Posting - ################# Apply Filters #################
2022-08-28 13:34:24,196 [main] INFO Driver Posting - ################# PS_x64bit Driver MoreDetails Link #################
2022-08-28 13:34:25,244 [main] INFO Driver Posting - ################# Get PS_x64 Driver ReleasedDate #################
2022-08-28 13:34:25,286 [main] INFO Driver Posting - ################# Get PS_x64 Driver Version #################
2022-08-28 13:34:25,327 [main] INFO Driver Posting - ################# Get PS_x64 Driver Size #################
2022-08-28 13:34:25,373 [main] INFO Driver Posting - ################# Get PS_x64 Driver Filename #################
2022-08-28 13:34:25,429 [main] INFO Driver Posting - ################# Get PS_x64 Driver Tagname #################
2022-08-28 13:34:25,489 [main] INFO Driver Posting - #################  Click CheckAgreeBtn #################
2022-08-28 13:34:25,561 [main] INFO Driver Posting - ################# Clcik DownloadBtn #################
2022-08-28 13:34:25,760 [main] INFO Driver Posting - ################# Close Browser #################
2022-08-28 13:34:28,645 [main] INFO Driver Posting - ################# Open Chrome Browser #################
2022-08-28 13:34:28,648 [main] INFO Driver Posting - ################# Open URL #################
2022-08-28 13:34:38,071 [main] INFO Driver Posting - ################# Validate the support page directly #################
2022-08-28 13:34:38,072 [main] INFO Driver Posting - ################# Type Driver Model #################
2022-08-28 13:34:38,360 [main] INFO Driver Posting - ################# Click on Search button #################
2022-08-28 13:34:43,398 [main] INFO Driver Posting - ################# Clciked on Model Search Link with refresh #################
2022-08-28 13:34:43,399 [main] INFO Driver Posting - ################# Validate the Model LinkPage #################
2022-08-28 13:34:43,424 [main] INFO Driver Posting - ################# SelectOS #################
2022-08-28 13:34:43,528 [main] INFO Driver Posting - ################# SelectLanguage #################
2022-08-28 13:34:43,599 [main] INFO Driver Posting - ################# SelectTag #################
2022-08-28 13:34:43,673 [main] INFO Driver Posting - ################# Apply Filters #################
2022-08-28 13:34:44,706 [main] INFO Driver Posting - ################# PS Driver MoreDetails Link #################
2022-08-28 13:34:45,695 [main] INFO Driver Posting - ################# Get PS_x86 Driver ReleasedDate #################
2022-08-28 13:34:45,736 [main] INFO Driver Posting - ################# Get PS_x86 Driver Version #################
2022-08-28 13:34:45,777 [main] INFO Driver Posting - ################# Get PS_x86 Driver Size #################
2022-08-28 13:34:45,819 [main] INFO Driver Posting - ################# PS_x86 Driver Filename #################
2022-08-28 13:34:45,861 [main] INFO Driver Posting - ################# Get PS_x86 Driver Tagname #################
2022-08-28 13:34:45,903 [main] INFO Driver Posting - #################  Click CheckAgreeBtn #################
2022-08-28 13:34:45,996 [main] INFO Driver Posting - ################# Clcik DownloadBtn #################
2022-08-28 13:34:46,372 [main] INFO Driver Posting - ################# Close Browser #################
2022-08-28 13:34:49,547 [main] INFO Driver Posting - ################# Open Chrome Browser #################
2022-08-28 13:34:49,548 [main] INFO Driver Posting - ################# Open URL #################
2022-08-28 13:35:01,983 [main] INFO Driver Posting - ################# Validate the support page directly #################
2022-08-28 13:35:01,984 [main] INFO Driver Posting - ################# Type Driver Model #################
2022-08-28 13:35:02,238 [main] INFO Driver Posting - ################# Click on Search button #################
2022-08-28 13:35:08,205 [main] INFO Driver Posting - ################# Clciked on Model Search Link with refresh #################
2022-08-28 13:35:08,206 [main] INFO Driver Posting - ################# Validate the Model LinkPage #################
2022-08-28 13:35:08,252 [main] INFO Driver Posting - ################# SelectOS #################
2022-08-28 13:35:08,393 [main] INFO Driver Posting - ################# SelectLanguage #################
2022-08-28 13:35:08,467 [main] INFO Driver Posting - ################# SelectTag #################
2022-08-28 13:35:08,540 [main] INFO Driver Posting - ################# Apply Filters #################
2022-08-28 13:35:10,493 [main] INFO Driver Posting - ################# PS Driver MoreDetails Link #################
2022-08-28 13:35:12,112 [main] INFO Driver Posting - ################# Get PS_x86 Driver ReleasedDate #################
2022-08-28 13:35:12,156 [main] INFO Driver Posting - ################# Get PS_x86 Driver Version #################
2022-08-28 13:35:12,199 [main] INFO Driver Posting - ################# Get PS_x86 Driver Size #################
2022-08-28 13:35:12,244 [main] INFO Driver Posting - ################# PS_x86 Driver Filename #################
2022-08-28 13:35:12,285 [main] INFO Driver Posting - ################# Get PS_x86 Driver Tagname #################
2022-08-28 13:35:12,327 [main] INFO Driver Posting - #################  Click CheckAgreeBtn #################
2022-08-28 13:35:12,411 [main] INFO Driver Posting - ################# Clcik DownloadBtn #################
2022-08-28 13:35:12,692 [main] INFO Driver Posting - ################# Close Browser #################
2022-08-28 13:35:16,319 [main] INFO Driver Posting - ################# Open Chrome Browser #################
2022-08-28 13:35:16,320 [main] INFO Driver Posting - ################# Open URL #################
2022-08-28 13:35:28,426 [main] INFO Driver Posting - ################# Validate the support page directly #################
2022-08-28 13:35:28,427 [main] INFO Driver Posting - ################# Type Driver Model #################
2022-08-28 13:35:28,741 [main] INFO Driver Posting - ################# Click on Search button #################
2022-08-28 13:35:34,666 [main] INFO Driver Posting - ################# Clciked on Model Search Link with refresh #################
2022-08-28 13:35:34,666 [main] INFO Driver Posting - ################# Validate the Model LinkPage #################
2022-08-28 13:35:34,695 [main] INFO Driver Posting - ################# SelectOS #################
2022-08-28 13:35:34,862 [main] INFO Driver Posting - ################# SelectLanguage #################
2022-08-28 13:35:34,934 [main] INFO Driver Posting - ################# SelectTag #################
2022-08-28 13:35:35,014 [main] INFO Driver Posting - ################# Apply Filters #################
2022-08-28 13:35:36,261 [main] INFO Driver Posting - ################# PS Driver MoreDetails Link #################
2022-08-28 13:35:37,117 [main] INFO Driver Posting - ################# Get PS_x86 Driver ReleasedDate #################
2022-08-28 13:35:37,159 [main] INFO Driver Posting - ################# Get PS_x86 Driver Version #################
2022-08-28 13:35:37,199 [main] INFO Driver Posting - ################# Get PS_x86 Driver Size #################
2022-08-28 13:35:37,245 [main] INFO Driver Posting - ################# PS_x86 Driver Filename #################
2022-08-28 13:35:37,287 [main] INFO Driver Posting - ################# Get PS_x86 Driver Tagname #################
2022-08-28 13:35:37,337 [main] INFO Driver Posting - #################  Click CheckAgreeBtn #################
2022-08-28 13:35:37,450 [main] INFO Driver Posting - ################# Clcik DownloadBtn #################
2022-08-28 13:35:37,659 [main] INFO Driver Posting - ################# Close Browser #################
2022-08-28 13:35:46,826 [main] INFO Driver Posting - ################# Open Chrome Browser #################
2022-08-28 13:35:46,827 [main] INFO Driver Posting - ################# Open URL #################
2022-08-28 13:35:56,091 [main] INFO Driver Posting - ################# Validate the support page directly #################
2022-08-28 13:35:56,092 [main] INFO Driver Posting - ################# Type Driver Model #################
2022-08-28 13:35:56,339 [main] INFO Driver Posting - ################# Click on Search button #################
2022-08-28 13:36:02,932 [main] INFO Driver Posting - ################# Clciked on Model Search Link with refresh #################
2022-08-28 13:36:02,933 [main] INFO Driver Posting - ################# Validate the Model LinkPage #################
2022-08-28 13:36:02,964 [main] INFO Driver Posting - ################# SelectOS #################
2022-08-28 13:36:03,176 [main] INFO Driver Posting - ################# SelectLanguage #################
2022-08-28 13:36:03,261 [main] INFO Driver Posting - ################# SelectTag #################
2022-08-28 13:36:03,342 [main] INFO Driver Posting - ################# Apply Filters #################
2022-08-28 13:36:03,890 [main] INFO Driver Posting - ################# PS Driver MoreDetails Link #################
2022-08-28 13:36:04,767 [main] INFO Driver Posting - ################# Get PS_x86 Driver ReleasedDate #################
2022-08-28 13:36:04,808 [main] INFO Driver Posting - ################# Get PS_x86 Driver Version #################
2022-08-28 13:36:04,847 [main] INFO Driver Posting - ################# Get PS_x86 Driver Size #################
2022-08-28 13:36:04,887 [main] INFO Driver Posting - ################# PS_x86 Driver Filename #################
2022-08-28 13:36:04,930 [main] INFO Driver Posting - ################# Get PS_x86 Driver Tagname #################
2022-08-28 13:36:04,974 [main] INFO Driver Posting - #################  Click CheckAgreeBtn #################
2022-08-28 13:36:05,054 [main] INFO Driver Posting - ################# Clcik DownloadBtn #################
2022-08-28 13:36:05,295 [main] INFO Driver Posting - ################# Close Browser #################
2022-08-28 13:36:09,327 [main] INFO Driver Posting - ################# Open Chrome Browser #################
2022-08-28 13:36:09,328 [main] INFO Driver Posting - ################# Open URL #################
2022-08-28 13:36:17,137 [main] INFO Driver Posting - ################# Validate the support page directly #################
2022-08-28 13:36:17,137 [main] INFO Driver Posting - ################# Type Driver Model #################
2022-08-28 13:36:17,417 [main] INFO Driver Posting - ################# Click on Search button #################
2022-08-28 13:36:27,960 [main] INFO Driver Posting - ################# Clciked on Model Search Link with refresh #################
2022-08-28 13:36:27,961 [main] INFO Driver Posting - ################# Validate the Model LinkPage #################
2022-08-28 13:36:27,984 [main] INFO Driver Posting - ################# SelectOS #################
2022-08-28 13:36:28,221 [main] INFO Driver Posting - ################# SelectLanguage #################
2022-08-28 13:36:28,337 [main] INFO Driver Posting - ################# SelectTag #################
2022-08-28 13:36:28,436 [main] INFO Driver Posting - ################# Apply Filters #################
2022-08-28 13:36:28,891 [main] INFO Driver Posting - ################# PS Driver MoreDetails Link #################
2022-08-28 13:36:29,879 [main] INFO Driver Posting - ################# Get PS_x86 Driver ReleasedDate #################
2022-08-28 13:36:29,919 [main] INFO Driver Posting - ################# Get PS_x86 Driver Version #################
2022-08-28 13:36:29,960 [main] INFO Driver Posting - ################# Get PS_x86 Driver Size #################
2022-08-28 13:36:29,999 [main] INFO Driver Posting - ################# PS_x86 Driver Filename #################
2022-08-28 13:36:30,043 [main] INFO Driver Posting - ################# Get PS_x86 Driver Tagname #################
2022-08-28 13:36:30,086 [main] INFO Driver Posting - #################  Click CheckAgreeBtn #################
2022-08-28 13:36:30,176 [main] INFO Driver Posting - ################# Clcik DownloadBtn #################
2022-08-28 13:36:30,424 [main] INFO Driver Posting - ################# Close Browser #################
2022-08-28 13:36:32,839 [main] INFO Driver Posting - ################# Open Chrome Browser #################
2022-08-28 13:36:32,840 [main] INFO Driver Posting - ################# Open URL #################
2022-08-28 13:36:42,929 [main] INFO Driver Posting - ################# Validate the support page directly #################
2022-08-28 13:36:42,931 [main] INFO Driver Posting - ################# Type Driver Model #################
2022-08-28 13:36:43,219 [main] INFO Driver Posting - ################# Click on Search button #################
2022-08-28 13:36:48,171 [main] INFO Driver Posting - ################# Clciked on Model Search Link with refresh #################
2022-08-28 13:36:48,172 [main] INFO Driver Posting - ################# Validate the Model LinkPage #################
2022-08-28 13:36:48,197 [main] INFO Driver Posting - ################# SelectOS #################
2022-08-28 13:36:48,335 [main] INFO Driver Posting - ################# SelectLanguage #################
2022-08-28 13:36:48,416 [main] INFO Driver Posting - ################# SelectTag #################
2022-08-28 13:36:48,495 [main] INFO Driver Posting - ################# Apply Filters #################
2022-08-28 13:36:49,218 [main] INFO Driver Posting - ################# PS Driver MoreDetails Link #################
2022-08-28 13:36:50,152 [main] INFO Driver Posting - ################# Get PS_x86 Driver ReleasedDate #################
2022-08-28 13:36:50,198 [main] INFO Driver Posting - ################# Get PS_x86 Driver Version #################
2022-08-28 13:36:50,239 [main] INFO Driver Posting - ################# Get PS_x86 Driver Size #################
2022-08-28 13:36:50,285 [main] INFO Driver Posting - ################# PS_x86 Driver Filename #################
2022-08-28 13:36:50,337 [main] INFO Driver Posting - ################# Get PS_x86 Driver Tagname #################
2022-08-28 13:36:50,385 [main] INFO Driver Posting - #################  Click CheckAgreeBtn #################
2022-08-28 13:36:50,499 [main] INFO Driver Posting - ################# Clcik DownloadBtn #################
2022-08-28 13:36:50,705 [main] INFO Driver Posting - ################# Close Browser #################
